c:\users\karol\documents\github\gut\serial2\serial2\x64\release\vc143.pdb
c:\users\karol\documents\github\gut\serial2\serial2\x64\release\ext_ioctl.obj
c:\users\karol\documents\github\gut\serial2\serial2\x64\release\ext_dev.obj
c:\users\karol\documents\github\gut\serial2\serial2\x64\release\code.obj
c:\users\karol\documents\github\gut\serial2\serial2\x64\release\connect.obj
c:\users\karol\documents\github\gut\serial2\serial2\x64\release\dist_ioctl.obj
c:\users\karol\documents\github\gut\serial2\serial2\x64\release\data_queue.obj
c:\users\karol\documents\github\gut\serial2\x64\release\serial2\serial2.cat
c:\users\karol\documents\github\gut\serial2\x64\release\serial2.sys
c:\users\karol\documents\github\gut\serial2\x64\release\serial2.pdb
c:\users\karol\documents\github\gut\serial2\serial2\x64\release\serial2.inf
c:\users\karol\documents\github\gut\serial2\x64\release\serial2.cer
c:\users\karol\documents\github\gut\serial2\x64\release\serial2.inf
c:\users\karol\documents\github\gut\serial2\serial2\x64\release\serial2.tlog\cl.command.1.tlog
c:\users\karol\documents\github\gut\serial2\serial2\x64\release\serial2.tlog\cl.read.1.tlog
c:\users\karol\documents\github\gut\serial2\serial2\x64\release\serial2.tlog\cl.write.1.tlog
c:\users\karol\documents\github\gut\serial2\serial2\x64\release\serial2.tlog\inf2cat-expand.10068.read.1.tlog
c:\users\karol\documents\github\gut\serial2\serial2\x64\release\serial2.tlog\inf2cat-expand.10068.write.1.tlog
c:\users\karol\documents\github\gut\serial2\serial2\x64\release\serial2.tlog\inf2cat-expand.10300.read.1.tlog
c:\users\karol\documents\github\gut\serial2\serial2\x64\release\serial2.tlog\inf2cat-expand.10300.write.1.tlog
c:\users\karol\documents\github\gut\serial2\serial2\x64\release\serial2.tlog\inf2cat-expand.10376.read.1.tlog
c:\users\karol\documents\github\gut\serial2\serial2\x64\release\serial2.tlog\inf2cat-expand.10376.write.1.tlog
c:\users\karol\documents\github\gut\serial2\serial2\x64\release\serial2.tlog\inf2cat-expand.10776.read.1.tlog
c:\users\karol\documents\github\gut\serial2\serial2\x64\release\serial2.tlog\inf2cat-expand.10776.write.1.tlog
c:\users\karol\documents\github\gut\serial2\serial2\x64\release\serial2.tlog\inf2cat-expand.10792.read.1.tlog
c:\users\karol\documents\github\gut\serial2\serial2\x64\release\serial2.tlog\inf2cat-expand.10792.write.1.tlog
c:\users\karol\documents\github\gut\serial2\serial2\x64\release\serial2.tlog\inf2cat-expand.10900.read.1.tlog
c:\users\karol\documents\github\gut\serial2\serial2\x64\release\serial2.tlog\inf2cat-expand.10900.write.1.tlog
c:\users\karol\documents\github\gut\serial2\serial2\x64\release\serial2.tlog\inf2cat-expand.11192.read.1.tlog
c:\users\karol\documents\github\gut\serial2\serial2\x64\release\serial2.tlog\inf2cat-expand.11192.write.1.tlog
c:\users\karol\documents\github\gut\serial2\serial2\x64\release\serial2.tlog\inf2cat-expand.12252.read.1.tlog
c:\users\karol\documents\github\gut\serial2\serial2\x64\release\serial2.tlog\inf2cat-expand.12252.write.1.tlog
c:\users\karol\documents\github\gut\serial2\serial2\x64\release\serial2.tlog\inf2cat-expand.12828.read.1.tlog
c:\users\karol\documents\github\gut\serial2\serial2\x64\release\serial2.tlog\inf2cat-expand.12828.write.1.tlog
c:\users\karol\documents\github\gut\serial2\serial2\x64\release\serial2.tlog\inf2cat-expand.12980.read.1.tlog
c:\users\karol\documents\github\gut\serial2\serial2\x64\release\serial2.tlog\inf2cat-expand.12980.write.1.tlog
c:\users\karol\documents\github\gut\serial2\serial2\x64\release\serial2.tlog\inf2cat-expand.13168.read.1.tlog
c:\users\karol\documents\github\gut\serial2\serial2\x64\release\serial2.tlog\inf2cat-expand.13168.write.1.tlog
c:\users\karol\documents\github\gut\serial2\serial2\x64\release\serial2.tlog\inf2cat-expand.13272.read.1.tlog
c:\users\karol\documents\github\gut\serial2\serial2\x64\release\serial2.tlog\inf2cat-expand.13272.write.1.tlog
c:\users\karol\documents\github\gut\serial2\serial2\x64\release\serial2.tlog\inf2cat-expand.13704.read.1.tlog
c:\users\karol\documents\github\gut\serial2\serial2\x64\release\serial2.tlog\inf2cat-expand.13704.write.1.tlog
c:\users\karol\documents\github\gut\serial2\serial2\x64\release\serial2.tlog\inf2cat-expand.14100.read.1.tlog
c:\users\karol\documents\github\gut\serial2\serial2\x64\release\serial2.tlog\inf2cat-expand.14100.write.1.tlog
c:\users\karol\documents\github\gut\serial2\serial2\x64\release\serial2.tlog\inf2cat-expand.14188.read.1.tlog
c:\users\karol\documents\github\gut\serial2\serial2\x64\release\serial2.tlog\inf2cat-expand.14188.write.1.tlog
c:\users\karol\documents\github\gut\serial2\serial2\x64\release\serial2.tlog\inf2cat-expand.14248.read.1.tlog
c:\users\karol\documents\github\gut\serial2\serial2\x64\release\serial2.tlog\inf2cat-expand.14248.write.1.tlog
c:\users\karol\documents\github\gut\serial2\serial2\x64\release\serial2.tlog\inf2cat-expand.14416.read.1.tlog
c:\users\karol\documents\github\gut\serial2\serial2\x64\release\serial2.tlog\inf2cat-expand.14416.write.1.tlog
c:\users\karol\documents\github\gut\serial2\serial2\x64\release\serial2.tlog\inf2cat-expand.14660.read.1.tlog
c:\users\karol\documents\github\gut\serial2\serial2\x64\release\serial2.tlog\inf2cat-expand.14660.write.1.tlog
c:\users\karol\documents\github\gut\serial2\serial2\x64\release\serial2.tlog\inf2cat-expand.15148.read.1.tlog
c:\users\karol\documents\github\gut\serial2\serial2\x64\release\serial2.tlog\inf2cat-expand.15148.write.1.tlog
c:\users\karol\documents\github\gut\serial2\serial2\x64\release\serial2.tlog\inf2cat-expand.15232.read.1.tlog
c:\users\karol\documents\github\gut\serial2\serial2\x64\release\serial2.tlog\inf2cat-expand.15232.write.1.tlog
c:\users\karol\documents\github\gut\serial2\serial2\x64\release\serial2.tlog\inf2cat-expand.15624.read.1.tlog
c:\users\karol\documents\github\gut\serial2\serial2\x64\release\serial2.tlog\inf2cat-expand.15624.write.1.tlog
c:\users\karol\documents\github\gut\serial2\serial2\x64\release\serial2.tlog\inf2cat-expand.1592.read.1.tlog
c:\users\karol\documents\github\gut\serial2\serial2\x64\release\serial2.tlog\inf2cat-expand.1592.write.1.tlog
c:\users\karol\documents\github\gut\serial2\serial2\x64\release\serial2.tlog\inf2cat-expand.16196.read.1.tlog
c:\users\karol\documents\github\gut\serial2\serial2\x64\release\serial2.tlog\inf2cat-expand.16196.write.1.tlog
c:\users\karol\documents\github\gut\serial2\serial2\x64\release\serial2.tlog\inf2cat-expand.16852.read.1.tlog
c:\users\karol\documents\github\gut\serial2\serial2\x64\release\serial2.tlog\inf2cat-expand.16852.write.1.tlog
c:\users\karol\documents\github\gut\serial2\serial2\x64\release\serial2.tlog\inf2cat-expand.17112.read.1.tlog
c:\users\karol\documents\github\gut\serial2\serial2\x64\release\serial2.tlog\inf2cat-expand.17112.write.1.tlog
c:\users\karol\documents\github\gut\serial2\serial2\x64\release\serial2.tlog\inf2cat-expand.17252.read.1.tlog
c:\users\karol\documents\github\gut\serial2\serial2\x64\release\serial2.tlog\inf2cat-expand.17252.write.1.tlog
c:\users\karol\documents\github\gut\serial2\serial2\x64\release\serial2.tlog\inf2cat-expand.18500.read.1.tlog
c:\users\karol\documents\github\gut\serial2\serial2\x64\release\serial2.tlog\inf2cat-expand.18500.write.1.tlog
c:\users\karol\documents\github\gut\serial2\serial2\x64\release\serial2.tlog\inf2cat-expand.18736.read.1.tlog
c:\users\karol\documents\github\gut\serial2\serial2\x64\release\serial2.tlog\inf2cat-expand.18736.write.1.tlog
c:\users\karol\documents\github\gut\serial2\serial2\x64\release\serial2.tlog\inf2cat-expand.19400.read.1.tlog
c:\users\karol\documents\github\gut\serial2\serial2\x64\release\serial2.tlog\inf2cat-expand.19400.write.1.tlog
c:\users\karol\documents\github\gut\serial2\serial2\x64\release\serial2.tlog\inf2cat-expand.19544.read.1.tlog
c:\users\karol\documents\github\gut\serial2\serial2\x64\release\serial2.tlog\inf2cat-expand.19544.write.1.tlog
c:\users\karol\documents\github\gut\serial2\serial2\x64\release\serial2.tlog\inf2cat-expand.20488.read.1.tlog
c:\users\karol\documents\github\gut\serial2\serial2\x64\release\serial2.tlog\inf2cat-expand.20488.write.1.tlog
c:\users\karol\documents\github\gut\serial2\serial2\x64\release\serial2.tlog\inf2cat-expand.20864.read.1.tlog
c:\users\karol\documents\github\gut\serial2\serial2\x64\release\serial2.tlog\inf2cat-expand.20864.write.1.tlog
c:\users\karol\documents\github\gut\serial2\serial2\x64\release\serial2.tlog\inf2cat-expand.21288.read.1.tlog
c:\users\karol\documents\github\gut\serial2\serial2\x64\release\serial2.tlog\inf2cat-expand.21288.write.1.tlog
c:\users\karol\documents\github\gut\serial2\serial2\x64\release\serial2.tlog\inf2cat-expand.21356.read.1.tlog
c:\users\karol\documents\github\gut\serial2\serial2\x64\release\serial2.tlog\inf2cat-expand.21356.write.1.tlog
c:\users\karol\documents\github\gut\serial2\serial2\x64\release\serial2.tlog\inf2cat-expand.21684.read.1.tlog
c:\users\karol\documents\github\gut\serial2\serial2\x64\release\serial2.tlog\inf2cat-expand.21684.write.1.tlog
c:\users\karol\documents\github\gut\serial2\serial2\x64\release\serial2.tlog\inf2cat-expand.21704.read.1.tlog
c:\users\karol\documents\github\gut\serial2\serial2\x64\release\serial2.tlog\inf2cat-expand.21704.write.1.tlog
c:\users\karol\documents\github\gut\serial2\serial2\x64\release\serial2.tlog\inf2cat-expand.22012.read.1.tlog
c:\users\karol\documents\github\gut\serial2\serial2\x64\release\serial2.tlog\inf2cat-expand.22012.write.1.tlog
c:\users\karol\documents\github\gut\serial2\serial2\x64\release\serial2.tlog\inf2cat-expand.22064.read.1.tlog
c:\users\karol\documents\github\gut\serial2\serial2\x64\release\serial2.tlog\inf2cat-expand.22064.write.1.tlog
c:\users\karol\documents\github\gut\serial2\serial2\x64\release\serial2.tlog\inf2cat-expand.22300.read.1.tlog
c:\users\karol\documents\github\gut\serial2\serial2\x64\release\serial2.tlog\inf2cat-expand.22300.write.1.tlog
c:\users\karol\documents\github\gut\serial2\serial2\x64\release\serial2.tlog\inf2cat-expand.22592.read.1.tlog
c:\users\karol\documents\github\gut\serial2\serial2\x64\release\serial2.tlog\inf2cat-expand.22592.write.1.tlog
c:\users\karol\documents\github\gut\serial2\serial2\x64\release\serial2.tlog\inf2cat-expand.22888.read.1.tlog
c:\users\karol\documents\github\gut\serial2\serial2\x64\release\serial2.tlog\inf2cat-expand.22888.write.1.tlog
c:\users\karol\documents\github\gut\serial2\serial2\x64\release\serial2.tlog\inf2cat-expand.24028.read.1.tlog
c:\users\karol\documents\github\gut\serial2\serial2\x64\release\serial2.tlog\inf2cat-expand.24028.write.1.tlog
c:\users\karol\documents\github\gut\serial2\serial2\x64\release\serial2.tlog\inf2cat-expand.24432.read.1.tlog
c:\users\karol\documents\github\gut\serial2\serial2\x64\release\serial2.tlog\inf2cat-expand.24432.write.1.tlog
c:\users\karol\documents\github\gut\serial2\serial2\x64\release\serial2.tlog\inf2cat-expand.2452.read.1.tlog
c:\users\karol\documents\github\gut\serial2\serial2\x64\release\serial2.tlog\inf2cat-expand.2452.write.1.tlog
c:\users\karol\documents\github\gut\serial2\serial2\x64\release\serial2.tlog\inf2cat-expand.24532.read.1.tlog
c:\users\karol\documents\github\gut\serial2\serial2\x64\release\serial2.tlog\inf2cat-expand.24532.write.1.tlog
c:\users\karol\documents\github\gut\serial2\serial2\x64\release\serial2.tlog\inf2cat-expand.25012.read.1.tlog
c:\users\karol\documents\github\gut\serial2\serial2\x64\release\serial2.tlog\inf2cat-expand.25012.write.1.tlog
c:\users\karol\documents\github\gut\serial2\serial2\x64\release\serial2.tlog\inf2cat-expand.25392.read.1.tlog
c:\users\karol\documents\github\gut\serial2\serial2\x64\release\serial2.tlog\inf2cat-expand.25392.write.1.tlog
c:\users\karol\documents\github\gut\serial2\serial2\x64\release\serial2.tlog\inf2cat-expand.25736.read.1.tlog
c:\users\karol\documents\github\gut\serial2\serial2\x64\release\serial2.tlog\inf2cat-expand.25736.write.1.tlog
c:\users\karol\documents\github\gut\serial2\serial2\x64\release\serial2.tlog\inf2cat-expand.2576.read.1.tlog
c:\users\karol\documents\github\gut\serial2\serial2\x64\release\serial2.tlog\inf2cat-expand.2576.write.1.tlog
c:\users\karol\documents\github\gut\serial2\serial2\x64\release\serial2.tlog\inf2cat-expand.26104.read.1.tlog
c:\users\karol\documents\github\gut\serial2\serial2\x64\release\serial2.tlog\inf2cat-expand.26104.write.1.tlog
c:\users\karol\documents\github\gut\serial2\serial2\x64\release\serial2.tlog\inf2cat-expand.26172.read.1.tlog
c:\users\karol\documents\github\gut\serial2\serial2\x64\release\serial2.tlog\inf2cat-expand.26172.write.1.tlog
c:\users\karol\documents\github\gut\serial2\serial2\x64\release\serial2.tlog\inf2cat-expand.26268.read.1.tlog
c:\users\karol\documents\github\gut\serial2\serial2\x64\release\serial2.tlog\inf2cat-expand.26268.write.1.tlog
c:\users\karol\documents\github\gut\serial2\serial2\x64\release\serial2.tlog\inf2cat-expand.26512.read.1.tlog
c:\users\karol\documents\github\gut\serial2\serial2\x64\release\serial2.tlog\inf2cat-expand.26512.write.1.tlog
c:\users\karol\documents\github\gut\serial2\serial2\x64\release\serial2.tlog\inf2cat-expand.27216.read.1.tlog
c:\users\karol\documents\github\gut\serial2\serial2\x64\release\serial2.tlog\inf2cat-expand.27216.write.1.tlog
c:\users\karol\documents\github\gut\serial2\serial2\x64\release\serial2.tlog\inf2cat-expand.27240.read.1.tlog
c:\users\karol\documents\github\gut\serial2\serial2\x64\release\serial2.tlog\inf2cat-expand.27240.write.1.tlog
c:\users\karol\documents\github\gut\serial2\serial2\x64\release\serial2.tlog\inf2cat-expand.27356.read.1.tlog
c:\users\karol\documents\github\gut\serial2\serial2\x64\release\serial2.tlog\inf2cat-expand.27356.write.1.tlog
c:\users\karol\documents\github\gut\serial2\serial2\x64\release\serial2.tlog\inf2cat-expand.28020.read.1.tlog
c:\users\karol\documents\github\gut\serial2\serial2\x64\release\serial2.tlog\inf2cat-expand.28020.write.1.tlog
c:\users\karol\documents\github\gut\serial2\serial2\x64\release\serial2.tlog\inf2cat-expand.28128.read.1.tlog
c:\users\karol\documents\github\gut\serial2\serial2\x64\release\serial2.tlog\inf2cat-expand.28128.write.1.tlog
c:\users\karol\documents\github\gut\serial2\serial2\x64\release\serial2.tlog\inf2cat-expand.28212.read.1.tlog
c:\users\karol\documents\github\gut\serial2\serial2\x64\release\serial2.tlog\inf2cat-expand.28212.write.1.tlog
c:\users\karol\documents\github\gut\serial2\serial2\x64\release\serial2.tlog\inf2cat-expand.28396.read.1.tlog
c:\users\karol\documents\github\gut\serial2\serial2\x64\release\serial2.tlog\inf2cat-expand.28396.write.1.tlog
c:\users\karol\documents\github\gut\serial2\serial2\x64\release\serial2.tlog\inf2cat-expand.28468.read.1.tlog
c:\users\karol\documents\github\gut\serial2\serial2\x64\release\serial2.tlog\inf2cat-expand.28468.write.1.tlog
c:\users\karol\documents\github\gut\serial2\serial2\x64\release\serial2.tlog\inf2cat-expand.29196.read.1.tlog
c:\users\karol\documents\github\gut\serial2\serial2\x64\release\serial2.tlog\inf2cat-expand.29196.write.1.tlog
c:\users\karol\documents\github\gut\serial2\serial2\x64\release\serial2.tlog\inf2cat-expand.29216.read.1.tlog
c:\users\karol\documents\github\gut\serial2\serial2\x64\release\serial2.tlog\inf2cat-expand.29216.write.1.tlog
c:\users\karol\documents\github\gut\serial2\serial2\x64\release\serial2.tlog\inf2cat-expand.29308.read.1.tlog
c:\users\karol\documents\github\gut\serial2\serial2\x64\release\serial2.tlog\inf2cat-expand.29308.write.1.tlog
c:\users\karol\documents\github\gut\serial2\serial2\x64\release\serial2.tlog\inf2cat-expand.29352.read.1.tlog
c:\users\karol\documents\github\gut\serial2\serial2\x64\release\serial2.tlog\inf2cat-expand.29352.write.1.tlog
c:\users\karol\documents\github\gut\serial2\serial2\x64\release\serial2.tlog\inf2cat-expand.29532.read.1.tlog
c:\users\karol\documents\github\gut\serial2\serial2\x64\release\serial2.tlog\inf2cat-expand.29532.write.1.tlog
c:\users\karol\documents\github\gut\serial2\serial2\x64\release\serial2.tlog\inf2cat-expand.30276.read.1.tlog
c:\users\karol\documents\github\gut\serial2\serial2\x64\release\serial2.tlog\inf2cat-expand.30276.write.1.tlog
c:\users\karol\documents\github\gut\serial2\serial2\x64\release\serial2.tlog\inf2cat-expand.30612.read.1.tlog
c:\users\karol\documents\github\gut\serial2\serial2\x64\release\serial2.tlog\inf2cat-expand.30612.write.1.tlog
c:\users\karol\documents\github\gut\serial2\serial2\x64\release\serial2.tlog\inf2cat-expand.30912.read.1.tlog
c:\users\karol\documents\github\gut\serial2\serial2\x64\release\serial2.tlog\inf2cat-expand.30912.write.1.tlog
c:\users\karol\documents\github\gut\serial2\serial2\x64\release\serial2.tlog\inf2cat-expand.30976.read.1.tlog
c:\users\karol\documents\github\gut\serial2\serial2\x64\release\serial2.tlog\inf2cat-expand.30976.write.1.tlog
c:\users\karol\documents\github\gut\serial2\serial2\x64\release\serial2.tlog\inf2cat-expand.31108.read.1.tlog
c:\users\karol\documents\github\gut\serial2\serial2\x64\release\serial2.tlog\inf2cat-expand.31108.write.1.tlog
c:\users\karol\documents\github\gut\serial2\serial2\x64\release\serial2.tlog\inf2cat-expand.31228.read.1.tlog
c:\users\karol\documents\github\gut\serial2\serial2\x64\release\serial2.tlog\inf2cat-expand.31228.write.1.tlog
c:\users\karol\documents\github\gut\serial2\serial2\x64\release\serial2.tlog\inf2cat-expand.31688.read.1.tlog
c:\users\karol\documents\github\gut\serial2\serial2\x64\release\serial2.tlog\inf2cat-expand.31688.write.1.tlog
c:\users\karol\documents\github\gut\serial2\serial2\x64\release\serial2.tlog\inf2cat-expand.31752.read.1.tlog
c:\users\karol\documents\github\gut\serial2\serial2\x64\release\serial2.tlog\inf2cat-expand.31752.write.1.tlog
c:\users\karol\documents\github\gut\serial2\serial2\x64\release\serial2.tlog\inf2cat-expand.31776.read.1.tlog
c:\users\karol\documents\github\gut\serial2\serial2\x64\release\serial2.tlog\inf2cat-expand.31776.write.1.tlog
c:\users\karol\documents\github\gut\serial2\serial2\x64\release\serial2.tlog\inf2cat-expand.31944.read.1.tlog
c:\users\karol\documents\github\gut\serial2\serial2\x64\release\serial2.tlog\inf2cat-expand.31944.write.1.tlog
c:\users\karol\documents\github\gut\serial2\serial2\x64\release\serial2.tlog\inf2cat-expand.32160.read.1.tlog
c:\users\karol\documents\github\gut\serial2\serial2\x64\release\serial2.tlog\inf2cat-expand.32160.write.1.tlog
c:\users\karol\documents\github\gut\serial2\serial2\x64\release\serial2.tlog\inf2cat-expand.32228.read.1.tlog
c:\users\karol\documents\github\gut\serial2\serial2\x64\release\serial2.tlog\inf2cat-expand.32228.write.1.tlog
c:\users\karol\documents\github\gut\serial2\serial2\x64\release\serial2.tlog\inf2cat-expand.32536.read.1.tlog
c:\users\karol\documents\github\gut\serial2\serial2\x64\release\serial2.tlog\inf2cat-expand.32536.write.1.tlog
c:\users\karol\documents\github\gut\serial2\serial2\x64\release\serial2.tlog\inf2cat-expand.32568.read.1.tlog
c:\users\karol\documents\github\gut\serial2\serial2\x64\release\serial2.tlog\inf2cat-expand.32568.write.1.tlog
c:\users\karol\documents\github\gut\serial2\serial2\x64\release\serial2.tlog\inf2cat-expand.32764.read.1.tlog
c:\users\karol\documents\github\gut\serial2\serial2\x64\release\serial2.tlog\inf2cat-expand.32764.write.1.tlog
c:\users\karol\documents\github\gut\serial2\serial2\x64\release\serial2.tlog\inf2cat-expand.32852.read.1.tlog
c:\users\karol\documents\github\gut\serial2\serial2\x64\release\serial2.tlog\inf2cat-expand.32852.write.1.tlog
c:\users\karol\documents\github\gut\serial2\serial2\x64\release\serial2.tlog\inf2cat-expand.32888.read.1.tlog
c:\users\karol\documents\github\gut\serial2\serial2\x64\release\serial2.tlog\inf2cat-expand.32888.write.1.tlog
c:\users\karol\documents\github\gut\serial2\serial2\x64\release\serial2.tlog\inf2cat-expand.33020.read.1.tlog
c:\users\karol\documents\github\gut\serial2\serial2\x64\release\serial2.tlog\inf2cat-expand.33020.write.1.tlog
c:\users\karol\documents\github\gut\serial2\serial2\x64\release\serial2.tlog\inf2cat-expand.33116.read.1.tlog
c:\users\karol\documents\github\gut\serial2\serial2\x64\release\serial2.tlog\inf2cat-expand.33116.write.1.tlog
c:\users\karol\documents\github\gut\serial2\serial2\x64\release\serial2.tlog\inf2cat-expand.33220.read.1.tlog
c:\users\karol\documents\github\gut\serial2\serial2\x64\release\serial2.tlog\inf2cat-expand.33220.write.1.tlog
c:\users\karol\documents\github\gut\serial2\serial2\x64\release\serial2.tlog\inf2cat-expand.33816.read.1.tlog
c:\users\karol\documents\github\gut\serial2\serial2\x64\release\serial2.tlog\inf2cat-expand.33816.write.1.tlog
c:\users\karol\documents\github\gut\serial2\serial2\x64\release\serial2.tlog\inf2cat-expand.33848.read.1.tlog
c:\users\karol\documents\github\gut\serial2\serial2\x64\release\serial2.tlog\inf2cat-expand.33848.write.1.tlog
c:\users\karol\documents\github\gut\serial2\serial2\x64\release\serial2.tlog\inf2cat-expand.34016.read.1.tlog
c:\users\karol\documents\github\gut\serial2\serial2\x64\release\serial2.tlog\inf2cat-expand.34016.write.1.tlog
c:\users\karol\documents\github\gut\serial2\serial2\x64\release\serial2.tlog\inf2cat-expand.34320.read.1.tlog
c:\users\karol\documents\github\gut\serial2\serial2\x64\release\serial2.tlog\inf2cat-expand.34320.write.1.tlog
c:\users\karol\documents\github\gut\serial2\serial2\x64\release\serial2.tlog\inf2cat-expand.34532.read.1.tlog
c:\users\karol\documents\github\gut\serial2\serial2\x64\release\serial2.tlog\inf2cat-expand.34532.write.1.tlog
c:\users\karol\documents\github\gut\serial2\serial2\x64\release\serial2.tlog\inf2cat-expand.34688.read.1.tlog
c:\users\karol\documents\github\gut\serial2\serial2\x64\release\serial2.tlog\inf2cat-expand.34688.write.1.tlog
c:\users\karol\documents\github\gut\serial2\serial2\x64\release\serial2.tlog\inf2cat-expand.34868.read.1.tlog
c:\users\karol\documents\github\gut\serial2\serial2\x64\release\serial2.tlog\inf2cat-expand.34868.write.1.tlog
c:\users\karol\documents\github\gut\serial2\serial2\x64\release\serial2.tlog\inf2cat-expand.35264.read.1.tlog
c:\users\karol\documents\github\gut\serial2\serial2\x64\release\serial2.tlog\inf2cat-expand.35264.write.1.tlog
c:\users\karol\documents\github\gut\serial2\serial2\x64\release\serial2.tlog\inf2cat-expand.35408.read.1.tlog
c:\users\karol\documents\github\gut\serial2\serial2\x64\release\serial2.tlog\inf2cat-expand.35408.write.1.tlog
c:\users\karol\documents\github\gut\serial2\serial2\x64\release\serial2.tlog\inf2cat-expand.35520.read.1.tlog
c:\users\karol\documents\github\gut\serial2\serial2\x64\release\serial2.tlog\inf2cat-expand.35520.write.1.tlog
c:\users\karol\documents\github\gut\serial2\serial2\x64\release\serial2.tlog\inf2cat-expand.35528.read.1.tlog
c:\users\karol\documents\github\gut\serial2\serial2\x64\release\serial2.tlog\inf2cat-expand.35528.write.1.tlog
c:\users\karol\documents\github\gut\serial2\serial2\x64\release\serial2.tlog\inf2cat-expand.35620.read.1.tlog
c:\users\karol\documents\github\gut\serial2\serial2\x64\release\serial2.tlog\inf2cat-expand.35620.write.1.tlog
c:\users\karol\documents\github\gut\serial2\serial2\x64\release\serial2.tlog\inf2cat-expand.35924.read.1.tlog
c:\users\karol\documents\github\gut\serial2\serial2\x64\release\serial2.tlog\inf2cat-expand.35924.write.1.tlog
c:\users\karol\documents\github\gut\serial2\serial2\x64\release\serial2.tlog\inf2cat-expand.36052.read.1.tlog
c:\users\karol\documents\github\gut\serial2\serial2\x64\release\serial2.tlog\inf2cat-expand.36052.write.1.tlog
c:\users\karol\documents\github\gut\serial2\serial2\x64\release\serial2.tlog\inf2cat-expand.36500.read.1.tlog
c:\users\karol\documents\github\gut\serial2\serial2\x64\release\serial2.tlog\inf2cat-expand.36500.write.1.tlog
c:\users\karol\documents\github\gut\serial2\serial2\x64\release\serial2.tlog\inf2cat-expand.36572.read.1.tlog
c:\users\karol\documents\github\gut\serial2\serial2\x64\release\serial2.tlog\inf2cat-expand.36572.write.1.tlog
c:\users\karol\documents\github\gut\serial2\serial2\x64\release\serial2.tlog\inf2cat-expand.36784.read.1.tlog
c:\users\karol\documents\github\gut\serial2\serial2\x64\release\serial2.tlog\inf2cat-expand.36784.write.1.tlog
c:\users\karol\documents\github\gut\serial2\serial2\x64\release\serial2.tlog\inf2cat-expand.36800.read.1.tlog
c:\users\karol\documents\github\gut\serial2\serial2\x64\release\serial2.tlog\inf2cat-expand.36800.write.1.tlog
c:\users\karol\documents\github\gut\serial2\serial2\x64\release\serial2.tlog\inf2cat-expand.37064.read.1.tlog
c:\users\karol\documents\github\gut\serial2\serial2\x64\release\serial2.tlog\inf2cat-expand.37064.write.1.tlog
c:\users\karol\documents\github\gut\serial2\serial2\x64\release\serial2.tlog\inf2cat-expand.37124.read.1.tlog
c:\users\karol\documents\github\gut\serial2\serial2\x64\release\serial2.tlog\inf2cat-expand.37124.write.1.tlog
c:\users\karol\documents\github\gut\serial2\serial2\x64\release\serial2.tlog\inf2cat-expand.37188.read.1.tlog
c:\users\karol\documents\github\gut\serial2\serial2\x64\release\serial2.tlog\inf2cat-expand.37188.write.1.tlog
c:\users\karol\documents\github\gut\serial2\serial2\x64\release\serial2.tlog\inf2cat-expand.37780.read.1.tlog
c:\users\karol\documents\github\gut\serial2\serial2\x64\release\serial2.tlog\inf2cat-expand.37780.write.1.tlog
c:\users\karol\documents\github\gut\serial2\serial2\x64\release\serial2.tlog\inf2cat-expand.3828.read.1.tlog
c:\users\karol\documents\github\gut\serial2\serial2\x64\release\serial2.tlog\inf2cat-expand.3828.write.1.tlog
c:\users\karol\documents\github\gut\serial2\serial2\x64\release\serial2.tlog\inf2cat-expand.38292.read.1.tlog
c:\users\karol\documents\github\gut\serial2\serial2\x64\release\serial2.tlog\inf2cat-expand.38292.write.1.tlog
c:\users\karol\documents\github\gut\serial2\serial2\x64\release\serial2.tlog\inf2cat-expand.38356.read.1.tlog
c:\users\karol\documents\github\gut\serial2\serial2\x64\release\serial2.tlog\inf2cat-expand.38356.write.1.tlog
c:\users\karol\documents\github\gut\serial2\serial2\x64\release\serial2.tlog\inf2cat-expand.38368.read.1.tlog
c:\users\karol\documents\github\gut\serial2\serial2\x64\release\serial2.tlog\inf2cat-expand.38368.write.1.tlog
c:\users\karol\documents\github\gut\serial2\serial2\x64\release\serial2.tlog\inf2cat-expand.38780.read.1.tlog
c:\users\karol\documents\github\gut\serial2\serial2\x64\release\serial2.tlog\inf2cat-expand.38780.write.1.tlog
c:\users\karol\documents\github\gut\serial2\serial2\x64\release\serial2.tlog\inf2cat-expand.38972.read.1.tlog
c:\users\karol\documents\github\gut\serial2\serial2\x64\release\serial2.tlog\inf2cat-expand.38972.write.1.tlog
c:\users\karol\documents\github\gut\serial2\serial2\x64\release\serial2.tlog\inf2cat-expand.39276.read.1.tlog
c:\users\karol\documents\github\gut\serial2\serial2\x64\release\serial2.tlog\inf2cat-expand.39276.write.1.tlog
c:\users\karol\documents\github\gut\serial2\serial2\x64\release\serial2.tlog\inf2cat-expand.39380.read.1.tlog
c:\users\karol\documents\github\gut\serial2\serial2\x64\release\serial2.tlog\inf2cat-expand.39380.write.1.tlog
c:\users\karol\documents\github\gut\serial2\serial2\x64\release\serial2.tlog\inf2cat-expand.39704.read.1.tlog
c:\users\karol\documents\github\gut\serial2\serial2\x64\release\serial2.tlog\inf2cat-expand.39704.write.1.tlog
c:\users\karol\documents\github\gut\serial2\serial2\x64\release\serial2.tlog\inf2cat-expand.39720.read.1.tlog
c:\users\karol\documents\github\gut\serial2\serial2\x64\release\serial2.tlog\inf2cat-expand.39720.write.1.tlog
c:\users\karol\documents\github\gut\serial2\serial2\x64\release\serial2.tlog\inf2cat-expand.39824.read.1.tlog
c:\users\karol\documents\github\gut\serial2\serial2\x64\release\serial2.tlog\inf2cat-expand.39824.write.1.tlog
c:\users\karol\documents\github\gut\serial2\serial2\x64\release\serial2.tlog\inf2cat-expand.40348.read.1.tlog
c:\users\karol\documents\github\gut\serial2\serial2\x64\release\serial2.tlog\inf2cat-expand.40348.write.1.tlog
c:\users\karol\documents\github\gut\serial2\serial2\x64\release\serial2.tlog\inf2cat-expand.40448.read.1.tlog
c:\users\karol\documents\github\gut\serial2\serial2\x64\release\serial2.tlog\inf2cat-expand.40448.write.1.tlog
c:\users\karol\documents\github\gut\serial2\serial2\x64\release\serial2.tlog\inf2cat-expand.40464.read.1.tlog
c:\users\karol\documents\github\gut\serial2\serial2\x64\release\serial2.tlog\inf2cat-expand.40464.write.1.tlog
c:\users\karol\documents\github\gut\serial2\serial2\x64\release\serial2.tlog\inf2cat-expand.40496.read.1.tlog
c:\users\karol\documents\github\gut\serial2\serial2\x64\release\serial2.tlog\inf2cat-expand.40496.write.1.tlog
c:\users\karol\documents\github\gut\serial2\serial2\x64\release\serial2.tlog\inf2cat-expand.40648.read.1.tlog
c:\users\karol\documents\github\gut\serial2\serial2\x64\release\serial2.tlog\inf2cat-expand.40648.write.1.tlog
c:\users\karol\documents\github\gut\serial2\serial2\x64\release\serial2.tlog\inf2cat-expand.4068.read.1.tlog
c:\users\karol\documents\github\gut\serial2\serial2\x64\release\serial2.tlog\inf2cat-expand.4068.write.1.tlog
c:\users\karol\documents\github\gut\serial2\serial2\x64\release\serial2.tlog\inf2cat-expand.40780.read.1.tlog
c:\users\karol\documents\github\gut\serial2\serial2\x64\release\serial2.tlog\inf2cat-expand.40780.write.1.tlog
c:\users\karol\documents\github\gut\serial2\serial2\x64\release\serial2.tlog\inf2cat-expand.41144.read.1.tlog
c:\users\karol\documents\github\gut\serial2\serial2\x64\release\serial2.tlog\inf2cat-expand.41144.write.1.tlog
c:\users\karol\documents\github\gut\serial2\serial2\x64\release\serial2.tlog\inf2cat-expand.41284.read.1.tlog
c:\users\karol\documents\github\gut\serial2\serial2\x64\release\serial2.tlog\inf2cat-expand.41284.write.1.tlog
c:\users\karol\documents\github\gut\serial2\serial2\x64\release\serial2.tlog\inf2cat-expand.41304.read.1.tlog
c:\users\karol\documents\github\gut\serial2\serial2\x64\release\serial2.tlog\inf2cat-expand.41304.write.1.tlog
c:\users\karol\documents\github\gut\serial2\serial2\x64\release\serial2.tlog\inf2cat-expand.41488.read.1.tlog
c:\users\karol\documents\github\gut\serial2\serial2\x64\release\serial2.tlog\inf2cat-expand.41488.write.1.tlog
c:\users\karol\documents\github\gut\serial2\serial2\x64\release\serial2.tlog\inf2cat-expand.41692.read.1.tlog
c:\users\karol\documents\github\gut\serial2\serial2\x64\release\serial2.tlog\inf2cat-expand.41692.write.1.tlog
c:\users\karol\documents\github\gut\serial2\serial2\x64\release\serial2.tlog\inf2cat-expand.41708.read.1.tlog
c:\users\karol\documents\github\gut\serial2\serial2\x64\release\serial2.tlog\inf2cat-expand.41708.write.1.tlog
c:\users\karol\documents\github\gut\serial2\serial2\x64\release\serial2.tlog\inf2cat-expand.41820.read.1.tlog
c:\users\karol\documents\github\gut\serial2\serial2\x64\release\serial2.tlog\inf2cat-expand.41820.write.1.tlog
c:\users\karol\documents\github\gut\serial2\serial2\x64\release\serial2.tlog\inf2cat-expand.42404.read.1.tlog
c:\users\karol\documents\github\gut\serial2\serial2\x64\release\serial2.tlog\inf2cat-expand.42404.write.1.tlog
c:\users\karol\documents\github\gut\serial2\serial2\x64\release\serial2.tlog\inf2cat-expand.42472.read.1.tlog
c:\users\karol\documents\github\gut\serial2\serial2\x64\release\serial2.tlog\inf2cat-expand.42472.write.1.tlog
c:\users\karol\documents\github\gut\serial2\serial2\x64\release\serial2.tlog\inf2cat-expand.42484.read.1.tlog
c:\users\karol\documents\github\gut\serial2\serial2\x64\release\serial2.tlog\inf2cat-expand.42484.write.1.tlog
c:\users\karol\documents\github\gut\serial2\serial2\x64\release\serial2.tlog\inf2cat-expand.42704.read.1.tlog
c:\users\karol\documents\github\gut\serial2\serial2\x64\release\serial2.tlog\inf2cat-expand.42704.write.1.tlog
c:\users\karol\documents\github\gut\serial2\serial2\x64\release\serial2.tlog\inf2cat-expand.42748.read.1.tlog
c:\users\karol\documents\github\gut\serial2\serial2\x64\release\serial2.tlog\inf2cat-expand.42748.write.1.tlog
c:\users\karol\documents\github\gut\serial2\serial2\x64\release\serial2.tlog\inf2cat-expand.43588.read.1.tlog
c:\users\karol\documents\github\gut\serial2\serial2\x64\release\serial2.tlog\inf2cat-expand.43588.write.1.tlog
c:\users\karol\documents\github\gut\serial2\serial2\x64\release\serial2.tlog\inf2cat-expand.43692.read.1.tlog
c:\users\karol\documents\github\gut\serial2\serial2\x64\release\serial2.tlog\inf2cat-expand.43692.write.1.tlog
c:\users\karol\documents\github\gut\serial2\serial2\x64\release\serial2.tlog\inf2cat-expand.43724.read.1.tlog
c:\users\karol\documents\github\gut\serial2\serial2\x64\release\serial2.tlog\inf2cat-expand.43724.write.1.tlog
c:\users\karol\documents\github\gut\serial2\serial2\x64\release\serial2.tlog\inf2cat-expand.44220.read.1.tlog
c:\users\karol\documents\github\gut\serial2\serial2\x64\release\serial2.tlog\inf2cat-expand.44220.write.1.tlog
c:\users\karol\documents\github\gut\serial2\serial2\x64\release\serial2.tlog\inf2cat-expand.44560.read.1.tlog
c:\users\karol\documents\github\gut\serial2\serial2\x64\release\serial2.tlog\inf2cat-expand.44560.write.1.tlog
c:\users\karol\documents\github\gut\serial2\serial2\x64\release\serial2.tlog\inf2cat-expand.45084.read.1.tlog
c:\users\karol\documents\github\gut\serial2\serial2\x64\release\serial2.tlog\inf2cat-expand.45084.write.1.tlog
c:\users\karol\documents\github\gut\serial2\serial2\x64\release\serial2.tlog\inf2cat-expand.45652.read.1.tlog
c:\users\karol\documents\github\gut\serial2\serial2\x64\release\serial2.tlog\inf2cat-expand.45652.write.1.tlog
c:\users\karol\documents\github\gut\serial2\serial2\x64\release\serial2.tlog\inf2cat-expand.45948.read.1.tlog
c:\users\karol\documents\github\gut\serial2\serial2\x64\release\serial2.tlog\inf2cat-expand.45948.write.1.tlog
c:\users\karol\documents\github\gut\serial2\serial2\x64\release\serial2.tlog\inf2cat-expand.46044.read.1.tlog
c:\users\karol\documents\github\gut\serial2\serial2\x64\release\serial2.tlog\inf2cat-expand.46044.write.1.tlog
c:\users\karol\documents\github\gut\serial2\serial2\x64\release\serial2.tlog\inf2cat-expand.47000.read.1.tlog
c:\users\karol\documents\github\gut\serial2\serial2\x64\release\serial2.tlog\inf2cat-expand.47000.write.1.tlog
c:\users\karol\documents\github\gut\serial2\serial2\x64\release\serial2.tlog\inf2cat-expand.47236.read.1.tlog
c:\users\karol\documents\github\gut\serial2\serial2\x64\release\serial2.tlog\inf2cat-expand.47236.write.1.tlog
c:\users\karol\documents\github\gut\serial2\serial2\x64\release\serial2.tlog\inf2cat-expand.5072.read.1.tlog
c:\users\karol\documents\github\gut\serial2\serial2\x64\release\serial2.tlog\inf2cat-expand.5072.write.1.tlog
c:\users\karol\documents\github\gut\serial2\serial2\x64\release\serial2.tlog\inf2cat-expand.5448.read.1.tlog
c:\users\karol\documents\github\gut\serial2\serial2\x64\release\serial2.tlog\inf2cat-expand.5448.write.1.tlog
c:\users\karol\documents\github\gut\serial2\serial2\x64\release\serial2.tlog\inf2cat-expand.5472.read.1.tlog
c:\users\karol\documents\github\gut\serial2\serial2\x64\release\serial2.tlog\inf2cat-expand.5472.write.1.tlog
c:\users\karol\documents\github\gut\serial2\serial2\x64\release\serial2.tlog\inf2cat-expand.5512.read.1.tlog
c:\users\karol\documents\github\gut\serial2\serial2\x64\release\serial2.tlog\inf2cat-expand.5512.write.1.tlog
c:\users\karol\documents\github\gut\serial2\serial2\x64\release\serial2.tlog\inf2cat-expand.5864.read.1.tlog
c:\users\karol\documents\github\gut\serial2\serial2\x64\release\serial2.tlog\inf2cat-expand.5864.write.1.tlog
c:\users\karol\documents\github\gut\serial2\serial2\x64\release\serial2.tlog\inf2cat-expand.5932.read.1.tlog
c:\users\karol\documents\github\gut\serial2\serial2\x64\release\serial2.tlog\inf2cat-expand.5932.write.1.tlog
c:\users\karol\documents\github\gut\serial2\serial2\x64\release\serial2.tlog\inf2cat-expand.7600.read.1.tlog
c:\users\karol\documents\github\gut\serial2\serial2\x64\release\serial2.tlog\inf2cat-expand.7600.write.1.tlog
c:\users\karol\documents\github\gut\serial2\serial2\x64\release\serial2.tlog\inf2cat-expand.8268.read.1.tlog
c:\users\karol\documents\github\gut\serial2\serial2\x64\release\serial2.tlog\inf2cat-expand.8268.write.1.tlog
c:\users\karol\documents\github\gut\serial2\serial2\x64\release\serial2.tlog\inf2cat-expand.8552.read.1.tlog
c:\users\karol\documents\github\gut\serial2\serial2\x64\release\serial2.tlog\inf2cat-expand.8552.write.1.tlog
c:\users\karol\documents\github\gut\serial2\serial2\x64\release\serial2.tlog\inf2cat-expand.996.read.1.tlog
c:\users\karol\documents\github\gut\serial2\serial2\x64\release\serial2.tlog\inf2cat-expand.996.write.1.tlog
c:\users\karol\documents\github\gut\serial2\serial2\x64\release\serial2.tlog\inf2cat-expand.read.1.tlog
c:\users\karol\documents\github\gut\serial2\serial2\x64\release\serial2.tlog\inf2cat-expand.write.1.tlog
c:\users\karol\documents\github\gut\serial2\serial2\x64\release\serial2.tlog\inf2cat.command.1.tlog
c:\users\karol\documents\github\gut\serial2\serial2\x64\release\serial2.tlog\inf2cat.read.1.tlog
c:\users\karol\documents\github\gut\serial2\serial2\x64\release\serial2.tlog\inf2cat.read.8.tlog
c:\users\karol\documents\github\gut\serial2\serial2\x64\release\serial2.tlog\inf2cat.write.1.tlog
c:\users\karol\documents\github\gut\serial2\serial2\x64\release\serial2.tlog\inf2cat.write.8.tlog
c:\users\karol\documents\github\gut\serial2\serial2\x64\release\serial2.tlog\link.command.1.tlog
c:\users\karol\documents\github\gut\serial2\serial2\x64\release\serial2.tlog\link.read.1.tlog
c:\users\karol\documents\github\gut\serial2\serial2\x64\release\serial2.tlog\link.write.1.tlog
c:\users\karol\documents\github\gut\serial2\serial2\x64\release\serial2.tlog\signtool.command.1.tlog
c:\users\karol\documents\github\gut\serial2\serial2\x64\release\serial2.tlog\signtool.read.1.tlog
c:\users\karol\documents\github\gut\serial2\serial2\x64\release\serial2.tlog\signtool.timestamp.1.tlog
c:\users\karol\documents\github\gut\serial2\serial2\x64\release\serial2.tlog\signtool.write.1.tlog
c:\users\karol\documents\github\gut\serial2\serial2\x64\release\serial2.tlog\stampinf.command.1.tlog
c:\users\karol\documents\github\gut\serial2\serial2\x64\release\serial2.tlog\stampinf.read.1.tlog
c:\users\karol\documents\github\gut\serial2\serial2\x64\release\serial2.tlog\stampinf.write.1.tlog
